2025/09/01 20:49:55 DEBUG: Creating Redis client with address: localhost:6379 (original: localhost:6379)
2025/09/01 20:49:55 WARN: Redis ping failed on initialization: dial tcp [::1]:6379: connect: connection refused (address: localhost:6379)
2025/09/01 20:49:55 🚀 Agromart2 server v1.0.0 starting on port 8080
2025/09/01 20:49:55 Database connected: %!s(bool=true)

   ____    __
  / __/___/ /  ___
 / _// __/ _ \/ _ \
/___/\__/_//_/\___/ v4.13.4
High performance, minimalist Go web framework
https://echo.labstack.com
____________________________________O/_______
                                    O\
⇨ http server started on [::]:8080
{"time":"2025-09-01T20:51:18.390501+05:30","id":"","remote_ip":"::1","host":"localhost:8080","method":"GET","uri":"/health","user_agent":"curl/8.6.0","status":200,"error":"","latency":36292,"latency_human":"36.292µs","bytes_in":0,"bytes_out":80}
{"time":"2025-09-01T20:51:24.432543+05:30","id":"","remote_ip":"::1","host":"localhost:8080","method":"GET","uri":"/health/ready","user_agent":"curl/8.6.0","status":200,"error":"","latency":40625,"latency_human":"40.625µs","bytes_in":0,"bytes_out":124}
{"time":"2025-09-01T20:51:30.485888+05:30","id":"","remote_ip":"::1","host":"localhost:8080","method":"GET","uri":"/health/detailed","user_agent":"curl/8.6.0","status":200,"error":"","latency":1674875,"latency_human":"1.674875ms","bytes_in":0,"bytes_out":120}
{"time":"2025-09-01T20:51:33.86699+05:30","id":"","remote_ip":"::1","host":"localhost:8080","method":"GET","uri":"/health/live","user_agent":"curl/8.6.0","status":404,"error":"code=404, message=Not Found","latency":25333,"latency_human":"25.333µs","bytes_in":0,"bytes_out":24}
{"time":"2025-09-01T20:51:36.811599+05:30","id":"","remote_ip":"::1","host":"localhost:8080","method":"GET","uri":"/docs/guide","user_agent":"curl/8.6.0","status":404,"error":"code=404, message=Not Found","latency":23834,"latency_human":"23.834µs","bytes_in":0,"bytes_out":24}
{"time":"2025-09-01T20:51:40.25324+05:30","id":"","remote_ip":"::1","host":"localhost:8080","method":"GET","uri":"/docs/spec","user_agent":"curl/8.6.0","status":404,"error":"code=404, message=Not Found","latency":21834,"latency_human":"21.834µs","bytes_in":0,"bytes_out":24}
{"time":"2025-09-01T20:51:43.724372+05:30","id":"","remote_ip":"::1","host":"localhost:8080","method":"GET","uri":"/healthz","user_agent":"curl/8.6.0","status":404,"error":"code=404, message=Not Found","latency":20583,"latency_human":"20.583µs","bytes_in":0,"bytes_out":24}
{"time":"2025-09-01T20:51:46.524371+05:30","id":"","remote_ip":"::1","host":"localhost:8080","method":"GET","uri":"/metrics","user_agent":"curl/8.6.0","status":404,"error":"code=404, message=Not Found","latency":23083,"latency_human":"23.083µs","bytes_in":0,"bytes_out":24}
{"time":"2025-09-01T20:53:18.484961+05:30","id":"","remote_ip":"::1","host":"localhost:8080","method":"GET","uri":"/health/detailed","user_agent":"curl/8.6.0","status":200,"error":"","latency":947625,"latency_human":"947.625µs","bytes_in":0,"bytes_out":120}
{"time":"2025-09-01T20:53:40.005612+05:30","id":"","remote_ip":"::1","host":"localhost:8080","method":"GET","uri":"/health/detailed","user_agent":"curl/8.6.0","status":200,"error":"","latency":741500,"latency_human":"741.5µs","bytes_in":0,"bytes_out":120}
{"time":"2025-09-01T20:54:14.665617+05:30","id":"","remote_ip":"::1","host":"localhost:8080","method":"GET","uri":"/health/detailed","user_agent":"curl/8.6.0","status":200,"error":"","latency":14087166,"latency_human":"14.087166ms","bytes_in":0,"bytes_out":107}
{"time":"2025-09-01T20:54:57.424932+05:30","id":"","remote_ip":"::1","host":"localhost:8080","method":"GET","uri":"/health","user_agent":"curl/8.6.0","status":200,"error":"","latency":22667,"latency_human":"22.667µs","bytes_in":0,"bytes_out":80}
{"time":"2025-09-01T20:54:57.444121+05:30","id":"","remote_ip":"::1","host":"localhost:8080","method":"GET","uri":"/health/ready","user_agent":"curl/8.6.0","status":200,"error":"","latency":24166,"latency_human":"24.166µs","bytes_in":0,"bytes_out":124}
{"time":"2025-09-01T20:54:57.451053+05:30","id":"","remote_ip":"::1","host":"localhost:8080","method":"GET","uri":"/health/live","user_agent":"curl/8.6.0","status":404,"error":"code=404, message=Not Found","latency":18167,"latency_human":"18.167µs","bytes_in":0,"bytes_out":24}
{"time":"2025-09-01T20:54:57.461728+05:30","id":"","remote_ip":"::1","host":"localhost:8080","method":"GET","uri":"/health/detailed","user_agent":"curl/8.6.0","status":200,"error":"","latency":3680583,"latency_human":"3.680583ms","bytes_in":0,"bytes_out":107}
{"time":"2025-09-01T20:54:57.468973+05:30","id":"","remote_ip":"::1","host":"localhost:8080","method":"GET","uri":"/metrics","user_agent":"curl/8.6.0","status":404,"error":"code=404, message=Not Found","latency":28125,"latency_human":"28.125µs","bytes_in":0,"bytes_out":24}
{"time":"2025-09-01T20:54:57.476533+05:30","id":"","remote_ip":"::1","host":"localhost:8080","method":"GET","uri":"/docs/guide","user_agent":"curl/8.6.0","status":404,"error":"code=404, message=Not Found","latency":27041,"latency_human":"27.041µs","bytes_in":0,"bytes_out":24}
{"time":"2025-09-01T20:54:57.483223+05:30","id":"","remote_ip":"::1","host":"localhost:8080","method":"GET","uri":"/docs/spec","user_agent":"curl/8.6.0","status":404,"error":"code=404, message=Not Found","latency":17167,"latency_human":"17.167µs","bytes_in":0,"bytes_out":24}
{"time":"2025-09-01T20:54:57.491208+05:30","id":"","remote_ip":"::1","host":"localhost:8080","method":"GET","uri":"/v1","user_agent":"curl/8.6.0","status":401,"error":"code=401, message=Invalid token","latency":25000,"latency_human":"25µs","bytes_in":0,"bytes_out":28}
{"time":"2025-09-01T20:54:57.528786+05:30","id":"","remote_ip":"::1","host":"localhost:8080","method":"POST","uri":"/v1/auth/signup","user_agent":"curl/8.6.0","status":409,"error":"code=409, message=User already exists","latency":30196917,"latency_human":"30.196917ms","bytes_in":126,"bytes_out":34}
2025/09/01 20:54:57 Failed to store refresh token: dial tcp [::1]:6379: connect: connection refused
{"time":"2025-09-01T20:54:57.687333+05:30","id":"","remote_ip":"::1","host":"localhost:8080","method":"POST","uri":"/v1/auth/login","user_agent":"curl/8.6.0","status":200,"error":"","latency":151019667,"latency_human":"151.019667ms","bytes_in":75,"bytes_out":1115}
{"time":"2025-09-01T20:54:57.699977+05:30","id":"","remote_ip":"::1","host":"localhost:8080","method":"POST","uri":"/v1/auth/logout","user_agent":"curl/8.6.0","status":404,"error":"code=404, message=Not Found","latency":25667,"latency_human":"25.667µs","bytes_in":0,"bytes_out":24}
{"time":"2025-09-01T20:54:57.708068+05:30","id":"","remote_ip":"::1","host":"localhost:8080","method":"GET","uri":"/v1/tenants","user_agent":"curl/8.6.0","status":401,"error":"code=401, message=User not authenticated","latency":59375,"latency_human":"59.375µs","bytes_in":0,"bytes_out":37}
{"time":"2025-09-01T20:54:57.715347+05:30","id":"","remote_ip":"::1","host":"localhost:8080","method":"GET","uri":"/v1/tenants/by-subdomain/agromart","user_agent":"curl/8.6.0","status":401,"error":"code=401, message=User not authenticated","latency":44708,"latency_human":"44.708µs","bytes_in":0,"bytes_out":37}
{"time":"2025-09-01T20:54:57.722568+05:30","id":"","remote_ip":"::1","host":"localhost:8080","method":"GET","uri":"/v1/users","user_agent":"curl/8.6.0","status":401,"error":"code=401, message=User not authenticated","latency":41417,"latency_human":"41.417µs","bytes_in":0,"bytes_out":37}
{"time":"2025-09-01T20:54:57.729445+05:30","id":"","remote_ip":"::1","host":"localhost:8080","method":"POST","uri":"/v1/users","user_agent":"curl/8.6.0","status":401,"error":"code=401, message=User not authenticated","latency":47917,"latency_human":"47.917µs","bytes_in":134,"bytes_out":37}
2025/09/01 20:54:57 DEBUG: ListCategories handler called
2025/09/01 20:54:57 DEBUG: ListCategories handler context retrieved
{"time":"2025-09-01T20:54:57.7369+05:30","id":"","remote_ip":"::1","host":"localhost:8080","method":"GET","uri":"/v1/categories","user_agent":"curl/8.6.0","status":401,"error":"code=401, message=Tenant not found","latency":77125,"latency_human":"77.125µs","bytes_in":0,"bytes_out":31}
{"time":"2025-09-01T20:54:57.745106+05:30","id":"","remote_ip":"::1","host":"localhost:8080","method":"POST","uri":"/v1/categories","user_agent":"curl/8.6.0","status":401,"error":"code=401, message=Tenant not found","latency":82166,"latency_human":"82.166µs","bytes_in":82,"bytes_out":31}
{"time":"2025-09-01T20:54:57.752428+05:30","id":"","remote_ip":"::1","host":"localhost:8080","method":"GET","uri":"/v1/products","user_agent":"curl/8.6.0","status":401,"error":"code=401, message=Tenant not found","latency":66250,"latency_human":"66.25µs","bytes_in":0,"bytes_out":31}
{"time":"2025-09-01T20:54:57.759548+05:30","id":"","remote_ip":"::1","host":"localhost:8080","method":"POST","uri":"/v1/products","user_agent":"curl/8.6.0","status":401,"error":"code=401, message=Tenant not found","latency":83208,"latency_human":"83.208µs","bytes_in":215,"bytes_out":31}
{"time":"2025-09-01T20:54:57.766414+05:30","id":"","remote_ip":"::1","host":"localhost:8080","method":"GET","uri":"/v1/products/search?q=test","user_agent":"curl/8.6.0","status":401,"error":"code=401, message=Tenant not found","latency":42791,"latency_human":"42.791µs","bytes_in":0,"bytes_out":31}
{"time":"2025-09-01T20:54:57.773617+05:30","id":"","remote_ip":"::1","host":"localhost:8080","method":"GET","uri":"/protected","user_agent":"curl/8.6.0","status":404,"error":"code=404, message=Not Found","latency":17500,"latency_human":"17.5µs","bytes_in":0,"bytes_out":24}
{"time":"2025-09-01T20:54:57.78066+05:30","id":"","remote_ip":"::1","host":"localhost:8080","method":"POST","uri":"/v1/products/bulk/update","user_agent":"curl/8.6.0","status":401,"error":"code=401, message=Tenant not found","latency":48584,"latency_human":"48.584µs","bytes_in":0,"bytes_out":31}
{"time":"2025-09-01T20:54:57.787402+05:30","id":"","remote_ip":"::1","host":"localhost:8080","method":"POST","uri":"/v1/products/bulk/create","user_agent":"curl/8.6.0","status":401,"error":"code=401, message=Tenant not found","latency":41667,"latency_human":"41.667µs","bytes_in":0,"bytes_out":31}
{"time":"2025-09-01T20:54:57.794532+05:30","id":"","remote_ip":"::1","host":"localhost:8080","method":"GET","uri":"/v1/tenants/by-subdomain/agromart","user_agent":"curl/8.6.0","status":401,"error":"code=401, message=Invalid token","latency":28500,"latency_human":"28.5µs","bytes_in":0,"bytes_out":28}
{"time":"2025-09-01T21:10:12.697163+05:30","id":"","remote_ip":"::1","host":"localhost:8080","method":"GET","uri":"/health","user_agent":"curl/8.6.0","status":200,"error":"","latency":50375,"latency_human":"50.375µs","bytes_in":0,"bytes_out":80}
{"time":"2025-09-01T21:10:12.703762+05:30","id":"","remote_ip":"::1","host":"localhost:8080","method":"GET","uri":"/health/ready","user_agent":"curl/8.6.0","status":200,"error":"","latency":19500,"latency_human":"19.5µs","bytes_in":0,"bytes_out":124}
{"time":"2025-09-01T21:10:12.709864+05:30","id":"","remote_ip":"::1","host":"localhost:8080","method":"GET","uri":"/health/live","user_agent":"curl/8.6.0","status":404,"error":"code=404, message=Not Found","latency":29000,"latency_human":"29µs","bytes_in":0,"bytes_out":24}
{"time":"2025-09-01T21:10:12.71919+05:30","id":"","remote_ip":"::1","host":"localhost:8080","method":"GET","uri":"/health/detailed","user_agent":"curl/8.6.0","status":200,"error":"","latency":2873333,"latency_human":"2.873333ms","bytes_in":0,"bytes_out":107}
{"time":"2025-09-01T21:10:12.725808+05:30","id":"","remote_ip":"::1","host":"localhost:8080","method":"GET","uri":"/metrics","user_agent":"curl/8.6.0","status":404,"error":"code=404, message=Not Found","latency":45208,"latency_human":"45.208µs","bytes_in":0,"bytes_out":24}
{"time":"2025-09-01T21:10:12.732359+05:30","id":"","remote_ip":"::1","host":"localhost:8080","method":"GET","uri":"/docs/guide","user_agent":"curl/8.6.0","status":404,"error":"code=404, message=Not Found","latency":24792,"latency_human":"24.792µs","bytes_in":0,"bytes_out":24}
{"time":"2025-09-01T21:10:12.73848+05:30","id":"","remote_ip":"::1","host":"localhost:8080","method":"GET","uri":"/docs/spec","user_agent":"curl/8.6.0","status":404,"error":"code=404, message=Not Found","latency":14292,"latency_human":"14.292µs","bytes_in":0,"bytes_out":24}
{"time":"2025-09-01T21:10:12.74444+05:30","id":"","remote_ip":"::1","host":"localhost:8080","method":"GET","uri":"/v1","user_agent":"curl/8.6.0","status":401,"error":"code=401, message=Invalid token","latency":18958,"latency_human":"18.958µs","bytes_in":0,"bytes_out":28}
{"time":"2025-09-01T21:10:12.753363+05:30","id":"","remote_ip":"::1","host":"localhost:8080","method":"POST","uri":"/v1/auth/signup","user_agent":"curl/8.6.0","status":409,"error":"code=409, message=User already exists","latency":2389708,"latency_human":"2.389708ms","bytes_in":126,"bytes_out":34}
{"time":"2025-09-01T21:10:12.830916+05:30","id":"","remote_ip":"::1","host":"localhost:8080","method":"POST","uri":"/v1/auth/login","user_agent":"curl/8.6.0","status":200,"error":"","latency":70708167,"latency_human":"70.708167ms","bytes_in":75,"bytes_out":1114}
{"time":"2025-09-01T21:10:12.842461+05:30","id":"","remote_ip":"::1","host":"localhost:8080","method":"POST","uri":"/v1/auth/logout","user_agent":"curl/8.6.0","status":404,"error":"code=404, message=Not Found","latency":29292,"latency_human":"29.292µs","bytes_in":0,"bytes_out":24}
{"time":"2025-09-01T21:10:12.849168+05:30","id":"","remote_ip":"::1","host":"localhost:8080","method":"GET","uri":"/v1/tenants","user_agent":"curl/8.6.0","status":401,"error":"code=401, message=User not authenticated","latency":78250,"latency_human":"78.25µs","bytes_in":0,"bytes_out":37}
{"time":"2025-09-01T21:10:12.85561+05:30","id":"","remote_ip":"::1","host":"localhost:8080","method":"GET","uri":"/v1/tenants/by-subdomain/agromart","user_agent":"curl/8.6.0","status":401,"error":"code=401, message=User not authenticated","latency":37209,"latency_human":"37.209µs","bytes_in":0,"bytes_out":37}
{"time":"2025-09-01T21:10:12.862203+05:30","id":"","remote_ip":"::1","host":"localhost:8080","method":"GET","uri":"/v1/users","user_agent":"curl/8.6.0","status":401,"error":"code=401, message=User not authenticated","latency":52417,"latency_human":"52.417µs","bytes_in":0,"bytes_out":37}
{"time":"2025-09-01T21:10:12.868664+05:30","id":"","remote_ip":"::1","host":"localhost:8080","method":"POST","uri":"/v1/users","user_agent":"curl/8.6.0","status":401,"error":"code=401, message=User not authenticated","latency":46208,"latency_human":"46.208µs","bytes_in":134,"bytes_out":37}
2025/09/01 21:10:12 DEBUG: ListCategories handler called
2025/09/01 21:10:12 DEBUG: ListCategories handler context retrieved
{"time":"2025-09-01T21:10:12.875313+05:30","id":"","remote_ip":"::1","host":"localhost:8080","method":"GET","uri":"/v1/categories","user_agent":"curl/8.6.0","status":401,"error":"code=401, message=Tenant not found","latency":59292,"latency_human":"59.292µs","bytes_in":0,"bytes_out":31}
{"time":"2025-09-01T21:10:12.882207+05:30","id":"","remote_ip":"::1","host":"localhost:8080","method":"POST","uri":"/v1/categories","user_agent":"curl/8.6.0","status":401,"error":"code=401, message=Tenant not found","latency":43958,"latency_human":"43.958µs","bytes_in":82,"bytes_out":31}
{"time":"2025-09-01T21:10:12.889012+05:30","id":"","remote_ip":"::1","host":"localhost:8080","method":"GET","uri":"/v1/products","user_agent":"curl/8.6.0","status":401,"error":"code=401, message=Tenant not found","latency":46459,"latency_human":"46.459µs","bytes_in":0,"bytes_out":31}
{"time":"2025-09-01T21:10:12.895528+05:30","id":"","remote_ip":"::1","host":"localhost:8080","method":"POST","uri":"/v1/products","user_agent":"curl/8.6.0","status":401,"error":"code=401, message=Tenant not found","latency":44333,"latency_human":"44.333µs","bytes_in":215,"bytes_out":31}
{"time":"2025-09-01T21:10:12.902084+05:30","id":"","remote_ip":"::1","host":"localhost:8080","method":"GET","uri":"/v1/products/search?q=test","user_agent":"curl/8.6.0","status":401,"error":"code=401, message=Tenant not found","latency":37292,"latency_human":"37.292µs","bytes_in":0,"bytes_out":31}
{"time":"2025-09-01T21:10:12.908586+05:30","id":"","remote_ip":"::1","host":"localhost:8080","method":"GET","uri":"/protected","user_agent":"curl/8.6.0","status":404,"error":"code=404, message=Not Found","latency":15250,"latency_human":"15.25µs","bytes_in":0,"bytes_out":24}
{"time":"2025-09-01T21:10:12.915097+05:30","id":"","remote_ip":"::1","host":"localhost:8080","method":"POST","uri":"/v1/products/bulk/update","user_agent":"curl/8.6.0","status":401,"error":"code=401, message=Tenant not found","latency":54958,"latency_human":"54.958µs","bytes_in":0,"bytes_out":31}
{"time":"2025-09-01T21:10:12.921562+05:30","id":"","remote_ip":"::1","host":"localhost:8080","method":"POST","uri":"/v1/products/bulk/create","user_agent":"curl/8.6.0","status":401,"error":"code=401, message=Tenant not found","latency":35667,"latency_human":"35.667µs","bytes_in":0,"bytes_out":31}
{"time":"2025-09-01T21:10:12.928084+05:30","id":"","remote_ip":"::1","host":"localhost:8080","method":"GET","uri":"/v1/tenants/by-subdomain/agromart","user_agent":"curl/8.6.0","status":401,"error":"code=401, message=Invalid token","latency":19042,"latency_human":"19.042µs","bytes_in":0,"bytes_out":28}
{"time":"2025-09-01T21:11:06.00498+05:30","id":"","remote_ip":"::1","host":"localhost:8080","method":"GET","uri":"/v1/auth/logout","user_agent":"curl/8.6.0","status":404,"error":"code=404, message=Not Found","latency":18875,"latency_human":"18.875µs","bytes_in":0,"bytes_out":24}
{"time":"2025-09-01T21:11:10.767806+05:30","id":"","remote_ip":"::1","host":"localhost:8080","method":"POST","uri":"/v1/auth/logout","user_agent":"curl/8.6.0","status":404,"error":"code=404, message=Not Found","latency":19167,"latency_human":"19.167µs","bytes_in":0,"bytes_out":24}
{"time":"2025-09-01T21:11:14.291804+05:30","id":"","remote_ip":"::1","host":"localhost:8080","method":"POST","uri":"/v1/auth/login","user_agent":"curl/8.6.0","status":400,"error":"code=400, message=Email and password are required","latency":78292,"latency_human":"78.292µs","bytes_in":0,"bytes_out":46}
{"time":"2025-09-01T21:11:43.30534+05:30","id":"","remote_ip":"::1","host":"localhost:8080","method":"POST","uri":"/v1/auth/logout","user_agent":"curl/8.6.0","status":404,"error":"code=404, message=Not Found","latency":27333,"latency_human":"27.333µs","bytes_in":0,"bytes_out":24}
